[2018-06-11 09:42:17,822] - logger.py] - INFO: ------登录成功用例：start!---------
[2018-06-11 09:42:17,822] - logger.py] - INFO: 输入正确账号：这里是抓包后获取的博客园的加密账号
[2018-06-11 09:42:17,823] - logger.py] - INFO: 输入正确密码：这里是抓包后获取的博客园的加密密码
[2018-06-11 09:42:18,112] - logger.py] - INFO: ------登录失败用例：start!---------
[2018-06-11 09:42:18,112] - logger.py] - INFO: 输入正确账号：这里是抓包后获取的博客园的加密账号
[2018-06-11 09:42:18,112] - logger.py] - INFO: 输入错误密码：这里是抓包后获取的博客园的加密账号
[2018-06-11 09:42:18,340] - logger.py] - INFO: ----------start!-------
[2018-06-11 09:42:18,341] - logger.py] - INFO: 测试单号：560697415000  快递名称：天天快递
[2018-06-11 09:42:18,341] - logger.py] - INFO: 测试url地址：http://www.kuaidi.com/index-ajaxselectcourierinfo-560697415000-tiantian.html
[2018-06-11 09:42:18,919] - logger.py] - INFO: 获取请求结果：{'time': '', 'url': 'http://www.ttkdex.com', 'data': '', 'phone': '400-188-8888', 'timeused': '--', 'ico': '/data/upload/201407/tt_logo.gif', 'nu': '560697415000', 'rank': '2.4', 'company': None, 'exceed': '', 'success': False, 'companytype': 'tiantian', 'reason': '快递公司参数异常：单号不存在或者已经过期', 'status': 0}
[2018-06-11 09:42:18,920] - logger.py] - INFO: 获取公司名称：None
[2018-06-11 09:42:18,920] - logger.py] - INFO: 获取data内容：
[2018-06-11 09:42:18,922] - logger.py] - INFO: ----------start!-------
[2018-06-11 09:42:18,922] - logger.py] - INFO: 测试单号：1202247993797  快递名称：韵达快递
[2018-06-11 09:42:18,922] - logger.py] - INFO: 测试url地址：http://www.kuaidi.com/index-ajaxselectcourierinfo-1202247993797-yunda.html
[2018-06-11 09:42:19,306] - logger.py] - INFO: 获取请求结果：{'time': '', 'url': 'http://www.yundaex.com', 'data': [{'time': '2016-08-21 19:47:14', 'context': '到达：贵州都匀市公司 由 已签收 签收'}, {'time': '2016-08-21 09:45:36', 'context': '到达：贵州都匀市公司 指定：派送'}, {'time': '2016-08-20 06:32:38', 'context': '到达：贵州贵阳分拨中心 发往：贵州都匀市公司'}, {'time': '2016-08-20 06:17:24', 'context': '到达：贵州贵阳分拨中心 上级站点：福建晋江分拨中心'}, {'time': '2016-08-18 21:48:53', 'context': '到达：福建晋江分拨中心 发往：贵州贵阳分拨中心'}, {'time': '2016-08-18 21:46:25', 'context': '到达：福建晋江分拨中心'}, {'time': '2016-08-18 06:48:19', 'context': '到达：福建市场部台江服务部 发往：贵州贵阳分拨中心'}, {'time': '2016-08-18 05:51:57', 'context': '到达：福建市场部台江服务部 已揽件'}], 'phone': '95546', 'timeused': '--', 'ico': '/data/upload/201407/yd_logo.gif', 'nu': '1202247993797', 'rank': '2.4', 'company': '韵达快递', 'exceed': '', 'success': True, 'companytype': 'yunda', 'reason': '', 'status': 6}
[2018-06-11 09:42:19,306] - logger.py] - INFO: 获取公司名称：韵达快递
[2018-06-11 09:42:19,307] - logger.py] - INFO: 获取data内容：[{'time': '2016-08-21 19:47:14', 'context': '到达：贵州都匀市公司 由 已签收 签收'}, {'time': '2016-08-21 09:45:36', 'context': '到达：贵州都匀市公司 指定：派送'}, {'time': '2016-08-20 06:32:38', 'context': '到达：贵州贵阳分拨中心 发往：贵州都匀市公司'}, {'time': '2016-08-20 06:17:24', 'context': '到达：贵州贵阳分拨中心 上级站点：福建晋江分拨中心'}, {'time': '2016-08-18 21:48:53', 'context': '到达：福建晋江分拨中心 发往：贵州贵阳分拨中心'}, {'time': '2016-08-18 21:46:25', 'context': '到达：福建晋江分拨中心'}, {'time': '2016-08-18 06:48:19', 'context': '到达：福建市场部台江服务部 发往：贵州贵阳分拨中心'}, {'time': '2016-08-18 05:51:57', 'context': '到达：福建市场部台江服务部 已揽件'}]
[2018-06-11 09:42:19,307] - logger.py] - INFO: 获取已签收状态：到达：贵州都匀市公司 由 已签收 签收
[2018-06-11 09:42:19,307] - logger.py] - INFO: ----------pass!-------
[2018-06-11 09:42:19,308] - logger.py] - INFO: ------start!--------
[2018-06-11 09:42:19,309] - logger.py] - INFO: 第一步：登录
[2018-06-11 09:42:19,522] - logger.py] - INFO: ------start!--------
[2018-06-11 11:03:55,204] - logger.py] - INFO: ------登录成功用例：start!---------
[2018-06-11 11:03:55,205] - logger.py] - INFO: 输入正确账号：这里是抓包后获取的博客园的加密账号
[2018-06-11 11:03:55,205] - logger.py] - INFO: 输入正确密码：这里是抓包后获取的博客园的加密密码
[2018-06-11 11:03:55,455] - logger.py] - INFO: ------登录失败用例：start!---------
[2018-06-11 11:03:55,455] - logger.py] - INFO: 输入正确账号：这里是抓包后获取的博客园的加密账号
[2018-06-11 11:03:55,456] - logger.py] - INFO: 输入错误密码：这里是抓包后获取的博客园的加密账号
[2018-06-11 11:03:55,679] - logger.py] - INFO: ----------start!-------
[2018-06-11 11:03:55,680] - logger.py] - INFO: 测试单号：560697415000  快递名称：天天快递
[2018-06-11 11:03:55,680] - logger.py] - INFO: 测试url地址：http://www.kuaidi.com/index-ajaxselectcourierinfo-560697415000-tiantian.html
[2018-06-11 11:03:56,257] - logger.py] - INFO: 获取请求结果：{'status': 0, 'ico': '/data/upload/201407/tt_logo.gif', 'time': '', 'company': None, 'exceed': '', 'url': 'http://www.ttkdex.com', 'rank': '2.4', 'phone': '400-188-8888', 'nu': '560697415000', 'timeused': '--', 'companytype': 'tiantian', 'data': '', 'success': False, 'reason': '快递公司参数异常：单号不存在或者已经过期'}
[2018-06-11 11:03:56,258] - logger.py] - INFO: 获取公司名称：None
[2018-06-11 11:03:56,258] - logger.py] - INFO: 获取data内容：
[2018-06-11 11:03:56,260] - logger.py] - INFO: ----------start!-------
[2018-06-11 11:03:56,260] - logger.py] - INFO: 测试单号：1202247993797  快递名称：韵达快递
[2018-06-11 11:03:56,261] - logger.py] - INFO: 测试url地址：http://www.kuaidi.com/index-ajaxselectcourierinfo-1202247993797-yunda.html
[2018-06-11 11:03:57,086] - logger.py] - INFO: 获取请求结果：{'status': 6, 'ico': '/data/upload/201407/yd_logo.gif', 'time': '', 'company': '韵达快递', 'exceed': '', 'url': 'http://www.yundaex.com', 'rank': '2.4', 'phone': '95546', 'nu': '1202247993797', 'timeused': '--', 'companytype': 'yunda', 'data': [{'time': '2016-08-21 19:47:14', 'context': '到达：贵州都匀市公司 由 已签收 签收'}, {'time': '2016-08-21 09:45:36', 'context': '到达：贵州都匀市公司 指定：派送'}, {'time': '2016-08-20 06:32:38', 'context': '到达：贵州贵阳分拨中心 发往：贵州都匀市公司'}, {'time': '2016-08-20 06:17:24', 'context': '到达：贵州贵阳分拨中心 上级站点：福建晋江分拨中心'}, {'time': '2016-08-18 21:48:53', 'context': '到达：福建晋江分拨中心 发往：贵州贵阳分拨中心'}, {'time': '2016-08-18 21:46:25', 'context': '到达：福建晋江分拨中心'}, {'time': '2016-08-18 06:48:19', 'context': '到达：福建市场部台江服务部 发往：贵州贵阳分拨中心'}, {'time': '2016-08-18 05:51:57', 'context': '到达：福建市场部台江服务部 已揽件'}], 'success': True, 'reason': ''}
[2018-06-11 11:03:57,087] - logger.py] - INFO: 获取公司名称：韵达快递
[2018-06-11 11:03:57,087] - logger.py] - INFO: 获取data内容：[{'time': '2016-08-21 19:47:14', 'context': '到达：贵州都匀市公司 由 已签收 签收'}, {'time': '2016-08-21 09:45:36', 'context': '到达：贵州都匀市公司 指定：派送'}, {'time': '2016-08-20 06:32:38', 'context': '到达：贵州贵阳分拨中心 发往：贵州都匀市公司'}, {'time': '2016-08-20 06:17:24', 'context': '到达：贵州贵阳分拨中心 上级站点：福建晋江分拨中心'}, {'time': '2016-08-18 21:48:53', 'context': '到达：福建晋江分拨中心 发往：贵州贵阳分拨中心'}, {'time': '2016-08-18 21:46:25', 'context': '到达：福建晋江分拨中心'}, {'time': '2016-08-18 06:48:19', 'context': '到达：福建市场部台江服务部 发往：贵州贵阳分拨中心'}, {'time': '2016-08-18 05:51:57', 'context': '到达：福建市场部台江服务部 已揽件'}]
[2018-06-11 11:03:57,087] - logger.py] - INFO: 获取已签收状态：到达：贵州都匀市公司 由 已签收 签收
[2018-06-11 11:03:57,088] - logger.py] - INFO: ----------pass!-------
[2018-06-11 11:03:57,088] - logger.py] - INFO: ------start!--------
[2018-06-11 11:03:57,089] - logger.py] - INFO: 第一步：登录
[2018-06-11 11:03:57,296] - logger.py] - INFO: ------start!--------
[2018-06-11 11:04:02,499] - logger.py] - INFO: ------登录成功用例：start!---------
[2018-06-11 11:04:02,499] - logger.py] - INFO: 输入正确账号：这里是抓包后获取的博客园的加密账号
[2018-06-11 11:04:02,499] - logger.py] - INFO: 输入正确密码：这里是抓包后获取的博客园的加密密码
[2018-06-11 11:04:02,679] - logger.py] - INFO: ------登录失败用例：start!---------
[2018-06-11 11:04:02,679] - logger.py] - INFO: 输入正确账号：这里是抓包后获取的博客园的加密账号
[2018-06-11 11:04:02,680] - logger.py] - INFO: 输入错误密码：这里是抓包后获取的博客园的加密账号
[2018-06-11 11:04:02,909] - logger.py] - INFO: ----------start!-------
[2018-06-11 11:04:02,910] - logger.py] - INFO: 测试单号：560697415000  快递名称：天天快递
[2018-06-11 11:04:02,910] - logger.py] - INFO: 测试url地址：http://www.kuaidi.com/index-ajaxselectcourierinfo-560697415000-tiantian.html
[2018-06-11 11:04:03,495] - logger.py] - INFO: 获取请求结果：{'exceed': '', 'url': 'http://www.ttkdex.com', 'time': '', 'rank': '2.4', 'companytype': 'tiantian', 'company': None, 'data': '', 'status': 0, 'success': False, 'ico': '/data/upload/201407/tt_logo.gif', 'phone': '400-188-8888', 'timeused': '--', 'reason': '快递公司参数异常：单号不存在或者已经过期', 'nu': '560697415000'}
[2018-06-11 11:04:03,495] - logger.py] - INFO: 获取公司名称：None
[2018-06-11 11:04:03,496] - logger.py] - INFO: 获取data内容：
[2018-06-11 11:04:03,497] - logger.py] - INFO: ----------start!-------
[2018-06-11 11:04:03,498] - logger.py] - INFO: 测试单号：1202247993797  快递名称：韵达快递
[2018-06-11 11:04:03,498] - logger.py] - INFO: 测试url地址：http://www.kuaidi.com/index-ajaxselectcourierinfo-1202247993797-yunda.html
[2018-06-11 11:04:03,867] - logger.py] - INFO: 获取请求结果：{'exceed': '', 'url': 'http://www.yundaex.com', 'time': '', 'rank': '2.4', 'companytype': 'yunda', 'company': '韵达快递', 'data': [{'time': '2016-08-21 19:47:14', 'context': '到达：贵州都匀市公司 由 已签收 签收'}, {'time': '2016-08-21 09:45:36', 'context': '到达：贵州都匀市公司 指定：派送'}, {'time': '2016-08-20 06:32:38', 'context': '到达：贵州贵阳分拨中心 发往：贵州都匀市公司'}, {'time': '2016-08-20 06:17:24', 'context': '到达：贵州贵阳分拨中心 上级站点：福建晋江分拨中心'}, {'time': '2016-08-18 21:48:53', 'context': '到达：福建晋江分拨中心 发往：贵州贵阳分拨中心'}, {'time': '2016-08-18 21:46:25', 'context': '到达：福建晋江分拨中心'}, {'time': '2016-08-18 06:48:19', 'context': '到达：福建市场部台江服务部 发往：贵州贵阳分拨中心'}, {'time': '2016-08-18 05:51:57', 'context': '到达：福建市场部台江服务部 已揽件'}], 'status': 6, 'success': True, 'ico': '/data/upload/201407/yd_logo.gif', 'phone': '95546', 'timeused': '--', 'reason': '', 'nu': '1202247993797'}
[2018-06-11 11:04:03,868] - logger.py] - INFO: 获取公司名称：韵达快递
[2018-06-11 11:04:03,868] - logger.py] - INFO: 获取data内容：[{'time': '2016-08-21 19:47:14', 'context': '到达：贵州都匀市公司 由 已签收 签收'}, {'time': '2016-08-21 09:45:36', 'context': '到达：贵州都匀市公司 指定：派送'}, {'time': '2016-08-20 06:32:38', 'context': '到达：贵州贵阳分拨中心 发往：贵州都匀市公司'}, {'time': '2016-08-20 06:17:24', 'context': '到达：贵州贵阳分拨中心 上级站点：福建晋江分拨中心'}, {'time': '2016-08-18 21:48:53', 'context': '到达：福建晋江分拨中心 发往：贵州贵阳分拨中心'}, {'time': '2016-08-18 21:46:25', 'context': '到达：福建晋江分拨中心'}, {'time': '2016-08-18 06:48:19', 'context': '到达：福建市场部台江服务部 发往：贵州贵阳分拨中心'}, {'time': '2016-08-18 05:51:57', 'context': '到达：福建市场部台江服务部 已揽件'}]
[2018-06-11 11:04:03,869] - logger.py] - INFO: 获取已签收状态：到达：贵州都匀市公司 由 已签收 签收
[2018-06-11 11:04:03,869] - logger.py] - INFO: ----------pass!-------
[2018-06-11 11:04:03,870] - logger.py] - INFO: ------start!--------
[2018-06-11 11:04:03,871] - logger.py] - INFO: 第一步：登录
[2018-06-11 11:04:04,056] - logger.py] - INFO: ------start!--------
