[2018-06-08 13:49:25,740] - logger.py] - INFO: ------登录成功用例：start!---------
[2018-06-08 13:49:25,740] - logger.py] - INFO: 输入正确账号：这里是抓包后获取的博客园的加密账号
[2018-06-08 13:49:25,740] - logger.py] - INFO: 输入正确密码：这里是抓包后获取的博客园的加密密码
[2018-06-08 13:49:26,037] - logger.py] - INFO: ------登录失败用例：start!---------
[2018-06-08 13:49:26,037] - logger.py] - INFO: 输入正确账号：这里是抓包后获取的博客园的加密账号
[2018-06-08 13:49:26,037] - logger.py] - INFO: 输入错误密码：这里是抓包后获取的博客园的加密账号
[2018-06-08 13:49:26,242] - logger.py] - INFO: ----------start!-------
[2018-06-08 13:49:26,242] - logger.py] - INFO: 测试单号：560697415000  快递名称：天天快递
[2018-06-08 13:49:26,242] - logger.py] - INFO: 测试url地址：http://www.kuaidi.com/index-ajaxselectcourierinfo-560697415000-tiantian.html
[2018-06-08 13:49:26,882] - logger.py] - INFO: 获取请求结果：{'reason': '快递公司参数异常：单号不存在或者已经过期', 'status': 0, 'ico': '/data/upload/201407/tt_logo.gif', 'phone': '400-188-8888', 'url': 'http://www.ttkdex.com', 'rank': '2.4', 'time': '', 'timeused': '--', 'company': None, 'exceed': '', 'nu': '560697415000', 'success': False, 'companytype': 'tiantian', 'data': ''}
[2018-06-08 13:49:26,883] - logger.py] - INFO: 获取公司名称：None
[2018-06-08 13:49:26,883] - logger.py] - INFO: 获取data内容：
[2018-06-08 13:49:26,889] - logger.py] - INFO: ----------start!-------
[2018-06-08 13:49:26,889] - logger.py] - INFO: 测试单号：1202247993797  快递名称：韵达快递
[2018-06-08 13:49:26,889] - logger.py] - INFO: 测试url地址：http://www.kuaidi.com/index-ajaxselectcourierinfo-1202247993797-yunda.html
[2018-06-08 13:49:27,677] - logger.py] - INFO: 获取请求结果：{'reason': '', 'status': 6, 'ico': '/data/upload/201407/yd_logo.gif', 'phone': '95546', 'url': 'http://www.yundaex.com', 'rank': '2.4', 'time': '', 'timeused': '--', 'company': '韵达快递', 'exceed': '', 'nu': '1202247993797', 'success': True, 'companytype': 'yunda', 'data': [{'time': '2016-08-21 19:47:14', 'context': '到达：贵州都匀市公司 由 已签收 签收'}, {'time': '2016-08-21 09:45:36', 'context': '到达：贵州都匀市公司 指定：派送'}, {'time': '2016-08-20 06:32:38', 'context': '到达：贵州贵阳分拨中心 发往：贵州都匀市公司'}, {'time': '2016-08-20 06:17:24', 'context': '到达：贵州贵阳分拨中心 上级站点：福建晋江分拨中心'}, {'time': '2016-08-18 21:48:53', 'context': '到达：福建晋江分拨中心 发往：贵州贵阳分拨中心'}, {'time': '2016-08-18 21:46:25', 'context': '到达：福建晋江分拨中心'}, {'time': '2016-08-18 06:48:19', 'context': '到达：福建市场部台江服务部 发往：贵州贵阳分拨中心'}, {'time': '2016-08-18 05:51:57', 'context': '到达：福建市场部台江服务部 已揽件'}]}
[2018-06-08 13:49:27,677] - logger.py] - INFO: 获取公司名称：韵达快递
[2018-06-08 13:49:27,677] - logger.py] - INFO: 获取data内容：[{'time': '2016-08-21 19:47:14', 'context': '到达：贵州都匀市公司 由 已签收 签收'}, {'time': '2016-08-21 09:45:36', 'context': '到达：贵州都匀市公司 指定：派送'}, {'time': '2016-08-20 06:32:38', 'context': '到达：贵州贵阳分拨中心 发往：贵州都匀市公司'}, {'time': '2016-08-20 06:17:24', 'context': '到达：贵州贵阳分拨中心 上级站点：福建晋江分拨中心'}, {'time': '2016-08-18 21:48:53', 'context': '到达：福建晋江分拨中心 发往：贵州贵阳分拨中心'}, {'time': '2016-08-18 21:46:25', 'context': '到达：福建晋江分拨中心'}, {'time': '2016-08-18 06:48:19', 'context': '到达：福建市场部台江服务部 发往：贵州贵阳分拨中心'}, {'time': '2016-08-18 05:51:57', 'context': '到达：福建市场部台江服务部 已揽件'}]
[2018-06-08 13:49:27,677] - logger.py] - INFO: 获取已签收状态：到达：贵州都匀市公司 由 已签收 签收
[2018-06-08 13:49:27,678] - logger.py] - INFO: ----------pass!-------
[2018-06-08 13:49:27,678] - logger.py] - INFO: ------start!--------
[2018-06-08 13:49:27,678] - logger.py] - INFO: 第一步：登录
[2018-06-08 13:49:27,919] - logger.py] - INFO: ------start!--------
[2018-06-08 13:49:30,272] - logger.py] - INFO: ------登录成功用例：start!---------
[2018-06-08 13:49:30,272] - logger.py] - INFO: 输入正确账号：这里是抓包后获取的博客园的加密账号
[2018-06-08 13:49:30,272] - logger.py] - INFO: 输入正确密码：这里是抓包后获取的博客园的加密密码
[2018-06-08 13:49:30,456] - logger.py] - INFO: ------登录失败用例：start!---------
[2018-06-08 13:49:30,457] - logger.py] - INFO: 输入正确账号：这里是抓包后获取的博客园的加密账号
[2018-06-08 13:49:30,457] - logger.py] - INFO: 输入错误密码：这里是抓包后获取的博客园的加密账号
[2018-06-08 13:49:30,638] - logger.py] - INFO: ----------start!-------
[2018-06-08 13:49:30,639] - logger.py] - INFO: 测试单号：560697415000  快递名称：天天快递
[2018-06-08 13:49:30,639] - logger.py] - INFO: 测试url地址：http://www.kuaidi.com/index-ajaxselectcourierinfo-560697415000-tiantian.html
[2018-06-08 13:49:31,226] - logger.py] - INFO: 获取请求结果：{'url': 'http://www.ttkdex.com', 'reason': '快递公司参数异常：单号不存在或者已经过期', 'status': 0, 'phone': '400-188-8888', 'ico': '/data/upload/201407/tt_logo.gif', 'time': '', 'timeused': '--', 'exceed': '', 'data': '', 'success': False, 'nu': '560697415000', 'companytype': 'tiantian', 'rank': '2.4', 'company': None}
[2018-06-08 13:49:31,226] - logger.py] - INFO: 获取公司名称：None
[2018-06-08 13:49:31,226] - logger.py] - INFO: 获取data内容：
[2018-06-08 13:49:31,227] - logger.py] - INFO: ----------start!-------
[2018-06-08 13:49:31,228] - logger.py] - INFO: 测试单号：1202247993797  快递名称：韵达快递
[2018-06-08 13:49:31,228] - logger.py] - INFO: 测试url地址：http://www.kuaidi.com/index-ajaxselectcourierinfo-1202247993797-yunda.html
[2018-06-08 13:49:31,765] - logger.py] - INFO: 获取请求结果：{'url': 'http://www.yundaex.com', 'reason': '', 'status': 6, 'phone': '95546', 'ico': '/data/upload/201407/yd_logo.gif', 'time': '', 'timeused': '--', 'exceed': '', 'data': [{'time': '2016-08-21 19:47:14', 'context': '到达：贵州都匀市公司 由 已签收 签收'}, {'time': '2016-08-21 09:45:36', 'context': '到达：贵州都匀市公司 指定：派送'}, {'time': '2016-08-20 06:32:38', 'context': '到达：贵州贵阳分拨中心 发往：贵州都匀市公司'}, {'time': '2016-08-20 06:17:24', 'context': '到达：贵州贵阳分拨中心 上级站点：福建晋江分拨中心'}, {'time': '2016-08-18 21:48:53', 'context': '到达：福建晋江分拨中心 发往：贵州贵阳分拨中心'}, {'time': '2016-08-18 21:46:25', 'context': '到达：福建晋江分拨中心'}, {'time': '2016-08-18 06:48:19', 'context': '到达：福建市场部台江服务部 发往：贵州贵阳分拨中心'}, {'time': '2016-08-18 05:51:57', 'context': '到达：福建市场部台江服务部 已揽件'}], 'success': True, 'nu': '1202247993797', 'companytype': 'yunda', 'rank': '2.4', 'company': '韵达快递'}
[2018-06-08 13:49:31,765] - logger.py] - INFO: 获取公司名称：韵达快递
[2018-06-08 13:49:31,765] - logger.py] - INFO: 获取data内容：[{'time': '2016-08-21 19:47:14', 'context': '到达：贵州都匀市公司 由 已签收 签收'}, {'time': '2016-08-21 09:45:36', 'context': '到达：贵州都匀市公司 指定：派送'}, {'time': '2016-08-20 06:32:38', 'context': '到达：贵州贵阳分拨中心 发往：贵州都匀市公司'}, {'time': '2016-08-20 06:17:24', 'context': '到达：贵州贵阳分拨中心 上级站点：福建晋江分拨中心'}, {'time': '2016-08-18 21:48:53', 'context': '到达：福建晋江分拨中心 发往：贵州贵阳分拨中心'}, {'time': '2016-08-18 21:46:25', 'context': '到达：福建晋江分拨中心'}, {'time': '2016-08-18 06:48:19', 'context': '到达：福建市场部台江服务部 发往：贵州贵阳分拨中心'}, {'time': '2016-08-18 05:51:57', 'context': '到达：福建市场部台江服务部 已揽件'}]
[2018-06-08 13:49:31,765] - logger.py] - INFO: 获取已签收状态：到达：贵州都匀市公司 由 已签收 签收
[2018-06-08 13:49:31,766] - logger.py] - INFO: ----------pass!-------
[2018-06-08 13:49:31,766] - logger.py] - INFO: ------start!--------
[2018-06-08 13:49:31,766] - logger.py] - INFO: 第一步：登录
[2018-06-08 13:49:31,983] - logger.py] - INFO: ------start!--------
